# JRE version: Java(TM) SE Runtime Environment (8.0_66-b17) (build 1.8.0_66-b17)
# Java VM: Java HotSpot(TM) 64-Bit Server VM (25.66-b17 mixed mode bsd-amd64 compressed oops)
Heap:
 PSYoungGen      total 253952K, used 214389K [0x00000007aab00000, 0x00000007c0000000, 0x00000007c0000000)
  eden space 183296K, 78% used [0x00000007aab00000,0x00000007b37769b0,0x00000007b5e00000)
  from space 70656K, 99% used [0x00000007b5e00000,0x00000007ba2e6c20,0x00000007ba300000)
  to   space 93184K, 0% used [0x00000007ba500000,0x00000007ba500000,0x00000007c0000000)
 ParOldGen       total 699392K, used 122060K [0x0000000780000000, 0x00000007aab00000, 0x00000007aab00000)
  object space 699392K, 17% used [0x0000000780000000,0x00000007877333b8,0x00000007aab00000)
 Metaspace       used 122963K, capacity 123765K, committed 124184K, reserved 1153024K
  class space    used 21230K, capacity 21511K, committed 21544K, reserved 1048576K
GC Heap History (10 events):
Event: 227,370 GC heap before
{Heap before GC invocations=30 (full 9):
 PSYoungGen      total 268288K, used 191488K [0x00000007aab00000, 0x00000007c0000000, 0x00000007c0000000)
  eden space 191488K, 100% used [0x00000007aab00000,0x00000007b6600000,0x00000007b6600000)
  from space 76800K, 0% used [0x00000007bb500000,0x00000007bb500000,0x00000007c0000000)
  to   space 78848K, 0% used [0x00000007b6600000,0x00000007b6600000,0x00000007bb300000)
 ParOldGen       total 699392K, used 122044K [0x0000000780000000, 0x00000007aab00000, 0x00000007aab00000)
  object space 699392K, 17% used [0x0000000780000000,0x000000078772f3b8,0x00000007aab00000)
 Metaspace       used 119324K, capacity 120147K, committed 120600K, reserved 1148928K
  class space    used 20958K, capacity 21222K, committed 21288K, reserved 1048576K
Event: 227,373 GC heap after
Heap after GC invocations=30 (full 9):
 PSYoungGen      total 192000K, used 352K [0x00000007aab00000, 0x00000007c0000000, 0x00000007c0000000)
  eden space 191488K, 0% used [0x00000007aab00000,0x00000007aab00000,0x00000007b6600000)
  from space 512K, 68% used [0x00000007b6600000,0x00000007b6658000,0x00000007b6680000)
  to   space 79872K, 0% used [0x00000007bb200000,0x00000007bb200000,0x00000007c0000000)
 ParOldGen       total 699392K, used 122044K [0x0000000780000000, 0x00000007aab00000, 0x00000007aab00000)
  object space 699392K, 17% used [0x0000000780000000,0x000000078772f3b8,0x00000007aab00000)
 Metaspace       used 119324K, capacity 120147K, committed 120600K, reserved 1148928K
  class space    used 20958K, capacity 21222K, committed 21288K, reserved 1048576K
}
Event: 242,064 GC heap before
{Heap before GC invocations=31 (full 9):
 PSYoungGen      total 192000K, used 191840K [0x00000007aab00000, 0x00000007c0000000, 0x00000007c0000000)
  eden space 191488K, 100% used [0x00000007aab00000,0x00000007b6600000,0x00000007b6600000)
  from space 512K, 68% used [0x00000007b6600000,0x00000007b6658000,0x00000007b6680000)
  to   space 79872K, 0% used [0x00000007bb200000,0x00000007bb200000,0x00000007c0000000)
 ParOldGen       total 699392K, used 122044K [0x0000000780000000, 0x00000007aab00000, 0x00000007aab00000)
  object space 699392K, 17% used [0x0000000780000000,0x000000078772f3b8,0x00000007aab00000)
 Metaspace       used 119348K, capacity 120147K, committed 120600K, reserved 1148928K
  class space    used 20958K, capacity 21222K, committed 21288K, reserved 1048576K
Event: 242,066 GC heap after
Heap after GC invocations=31 (full 9):
 PSYoungGen      total 269312K, used 544K [0x00000007aab00000, 0x00000007c0000000, 0x00000007c0000000)
  eden space 189440K, 0% used [0x00000007aab00000,0x00000007aab00000,0x00000007b6400000)
  from space 79872K, 0% used [0x00000007bb200000,0x00000007bb288000,0x00000007c0000000)
  to   space 79872K, 0% used [0x00000007b6400000,0x00000007b6400000,0x00000007bb200000)
 ParOldGen       total 699392K, used 122044K [0x0000000780000000, 0x00000007aab00000, 0x00000007aab00000)
  object space 699392K, 17% used [0x0000000780000000,0x000000078772f3b8,0x00000007aab00000)
 Metaspace       used 119348K, capacity 120147K, committed 120600K, reserved 1148928K
  class space    used 20958K, capacity 21222K, committed 21288K, reserved 1048576K
}
Event: 246,542 GC heap before
{Heap before GC invocations=32 (full 9):
 PSYoungGen      total 269312K, used 189984K [0x00000007aab00000, 0x00000007c0000000, 0x00000007c0000000)
  eden space 189440K, 100% used [0x00000007aab00000,0x00000007b6400000,0x00000007b6400000)
  from space 79872K, 0% used [0x00000007bb200000,0x00000007bb288000,0x00000007c0000000)
  to   space 79872K, 0% used [0x00000007b6400000,0x00000007b6400000,0x00000007bb200000)
 ParOldGen       total 699392K, used 122044K [0x0000000780000000, 0x00000007aab00000, 0x00000007aab00000)
  object space 699392K, 17% used [0x0000000780000000,0x000000078772f3b8,0x00000007aab00000)
 Metaspace       used 120473K, capacity 121237K, committed 121496K, reserved 1148928K
  class space    used 21099K, capacity 21351K, committed 21416K, reserved 1048576K
Event: 246,554 GC heap after
Heap after GC invocations=32 (full 9):
 PSYoungGen      total 269312K, used 13109K [0x00000007aab00000, 0x00000007c0000000, 0x00000007c0000000)
  eden space 189440K, 0% used [0x00000007aab00000,0x00000007aab00000,0x00000007b6400000)
  from space 79872K, 16% used [0x00000007b6400000,0x00000007b70cd4d8,0x00000007bb200000)
  to   space 76800K, 0% used [0x00000007bb500000,0x00000007bb500000,0x00000007c0000000)
 ParOldGen       total 699392K, used 122052K [0x0000000780000000, 0x00000007aab00000, 0x00000007aab00000)
  object space 699392K, 17% used [0x0000000780000000,0x00000007877313b8,0x00000007aab00000)
 Metaspace       used 120473K, capacity 121237K, committed 121496K, reserved 1148928K
  class space    used 21099K, capacity 21351K, committed 21416K, reserved 1048576K
}
Event: 247,766 GC heap before
{Heap before GC invocations=33 (full 9):
 PSYoungGen      total 269312K, used 202549K [0x00000007aab00000, 0x00000007c0000000, 0x00000007c0000000)
  eden space 189440K, 100% used [0x00000007aab00000,0x00000007b6400000,0x00000007b6400000)
  from space 79872K, 16% used [0x00000007b6400000,0x00000007b70cd4d8,0x00000007bb200000)
  to   space 76800K, 0% used [0x00000007bb500000,0x00000007bb500000,0x00000007c0000000)
 ParOldGen       total 699392K, used 122052K [0x0000000780000000, 0x00000007aab00000, 0x00000007aab00000)
  object space 699392K, 17% used [0x0000000780000000,0x00000007877313b8,0x00000007aab00000)
 Metaspace       used 120877K, capacity 121685K, committed 122008K, reserved 1150976K
  class space    used 21100K, capacity 21351K, committed 21416K, reserved 1048576K
Event: 247,804 GC heap after
Heap after GC invocations=33 (full 9):
 PSYoungGen      total 260096K, used 55807K [0x00000007aab00000, 0x00000007c0000000, 0x00000007c0000000)
  eden space 183296K, 0% used [0x00000007aab00000,0x00000007aab00000,0x00000007b5e00000)
  from space 76800K, 72% used [0x00000007bb500000,0x00000007beb7ff70,0x00000007c0000000)
  to   space 82944K, 0% used [0x00000007b5e00000,0x00000007b5e00000,0x00000007baf00000)
 ParOldGen       total 699392K, used 122060K [0x0000000780000000, 0x00000007aab00000, 0x00000007aab00000)
  object space 699392K, 17% used [0x0000000780000000,0x00000007877333b8,0x00000007aab00000)
 Metaspace       used 120877K, capacity 121685K, committed 122008K, reserved 1150976K
  class space    used 21100K, capacity 21351K, committed 21416K, reserved 1048576K
}
Event: 249,714 GC heap before
{Heap before GC invocations=34 (full 9):
 PSYoungGen      total 260096K, used 239103K [0x00000007aab00000, 0x00000007c0000000, 0x00000007c0000000)
  eden space 183296K, 100% used [0x00000007aab00000,0x00000007b5e00000,0x00000007b5e00000)
  from space 76800K, 72% used [0x00000007bb500000,0x00000007beb7ff70,0x00000007c0000000)
  to   space 82944K, 0% used [0x00000007b5e00000,0x00000007b5e00000,0x00000007baf00000)
 ParOldGen       total 699392K, used 122060K [0x0000000780000000, 0x00000007aab00000, 0x00000007aab00000)
  object space 699392K, 17% used [0x0000000780000000,0x00000007877333b8,0x00000007aab00000)
 Metaspace       used 121568K, capacity 122325K, committed 122776K, reserved 1150976K
  class space    used 21102K, capacity 21351K, committed 21416K, reserved 1048576K
Event: 249,765 GC heap after
Heap after GC invocations=34 (full 9):
 PSYoungGen      total 253952K, used 70555K [0x00000007aab00000, 0x00000007c0000000, 0x00000007c0000000)
  eden space 183296K, 0% used [0x00000007aab00000,0x00000007aab00000,0x00000007b5e00000)
  from space 70656K, 99% used [0x00000007b5e00000,0x00000007ba2e6c20,0x00000007ba300000)
  to   space 93184K, 0% used [0x00000007ba500000,0x00000007ba500000,0x00000007c0000000)
 ParOldGen       total 699392K, used 122060K [0x0000000780000000, 0x00000007aab00000, 0x00000007aab00000)
  object space 699392K, 17% used [0x0000000780000000,0x00000007877333b8,0x00000007aab00000)
 Metaspace       used 121568K, capacity 122325K, committed 122776K, reserved 1150976K
  class space    used 21102K, capacity 21351K, committed 21416K, reserved 1048576K
}

