# JRE version: Java(TM) SE Runtime Environment (8.0_66-b17) (build 1.8.0_66-b17)
# Java VM: Java HotSpot(TM) 64-Bit Server VM (25.66-b17 mixed mode bsd-amd64 compressed oops)
Heap:
 PSYoungGen      total 233984K, used 159648K [0x00000007aab00000, 0x00000007c0000000, 0x00000007c0000000)
  eden space 143360K, 48% used [0x00000007aab00000,0x00000007aeeca778,0x00000007b3700000)
  from space 90624K, 99% used [0x00000007b3700000,0x00000007b8f1da40,0x00000007b8f80000)
  to   space 114176K, 0% used [0x00000007b9080000,0x00000007b9080000,0x00000007c0000000)
 ParOldGen       total 699392K, used 130214K [0x0000000780000000, 0x00000007aab00000, 0x00000007aab00000)
  object space 699392K, 18% used [0x0000000780000000,0x0000000787f29800,0x00000007aab00000)
 Metaspace       used 127043K, capacity 127951K, committed 128240K, reserved 1155072K
  class space    used 21697K, capacity 21971K, committed 22056K, reserved 1048576K
GC Heap History (10 events):
Event: 38,646 GC heap before
{Heap before GC invocations=24 (full 5):
 PSYoungGen      total 260608K, used 202393K [0x00000007aab00000, 0x00000007c0000000, 0x00000007c0000000)
  eden space 167936K, 100% used [0x00000007aab00000,0x00000007b4f00000,0x00000007b4f00000)
  from space 92672K, 37% used [0x00000007ba580000,0x00000007bc726720,0x00000007c0000000)
  to   space 88576K, 0% used [0x00000007b4f00000,0x00000007b4f00000,0x00000007ba580000)
 ParOldGen       total 699392K, used 113070K [0x0000000780000000, 0x00000007aab00000, 0x00000007aab00000)
  object space 699392K, 16% used [0x0000000780000000,0x0000000786e6b890,0x00000007aab00000)
 Metaspace       used 123450K, capacity 124237K, committed 124656K, reserved 1153024K
  class space    used 21430K, capacity 21714K, committed 21800K, reserved 1048576K
Event: 38,668 GC heap after
Heap after GC invocations=24 (full 5):
 PSYoungGen      total 256512K, used 26421K [0x00000007aab00000, 0x00000007c0000000, 0x00000007c0000000)
  eden space 167936K, 0% used [0x00000007aab00000,0x00000007aab00000,0x00000007b4f00000)
  from space 88576K, 29% used [0x00000007b4f00000,0x00000007b68cd500,0x00000007ba580000)
  to   space 84480K, 0% used [0x00000007bad80000,0x00000007bad80000,0x00000007c0000000)
 ParOldGen       total 699392K, used 113078K [0x0000000780000000, 0x00000007aab00000, 0x00000007aab00000)
  object space 699392K, 16% used [0x0000000780000000,0x0000000786e6d890,0x00000007aab00000)
 Metaspace       used 123450K, capacity 124237K, committed 124656K, reserved 1153024K
  class space    used 21430K, capacity 21714K, committed 21800K, reserved 1048576K
}
Event: 46,578 GC heap before
{Heap before GC invocations=25 (full 5):
 PSYoungGen      total 256512K, used 194357K [0x00000007aab00000, 0x00000007c0000000, 0x00000007c0000000)
  eden space 167936K, 100% used [0x00000007aab00000,0x00000007b4f00000,0x00000007b4f00000)
  from space 88576K, 29% used [0x00000007b4f00000,0x00000007b68cd500,0x00000007ba580000)
  to   space 84480K, 0% used [0x00000007bad80000,0x00000007bad80000,0x00000007c0000000)
 ParOldGen       total 699392K, used 113078K [0x0000000780000000, 0x00000007aab00000, 0x00000007aab00000)
  object space 699392K, 16% used [0x0000000780000000,0x0000000786e6d890,0x00000007aab00000)
 Metaspace       used 124501K, capacity 125327K, committed 125552K, reserved 1153024K
  class space    used 21572K, capacity 21843K, committed 21928K, reserved 1048576K
Event: 46,616 GC heap after
Heap after GC invocations=25 (full 5):
 PSYoungGen      total 268800K, used 36932K [0x00000007aab00000, 0x00000007c0000000, 0x00000007c0000000)
  eden space 184320K, 0% used [0x00000007aab00000,0x00000007aab00000,0x00000007b5f00000)
  from space 84480K, 43% used [0x00000007bad80000,0x00000007bd1910a8,0x00000007c0000000)
  to   space 80384K, 0% used [0x00000007b5f00000,0x00000007b5f00000,0x00000007bad80000)
 ParOldGen       total 699392K, used 113086K [0x0000000780000000, 0x00000007aab00000, 0x00000007aab00000)
  object space 699392K, 16% used [0x0000000780000000,0x0000000786e6f890,0x00000007aab00000)
 Metaspace       used 124501K, capacity 125327K, committed 125552K, reserved 1153024K
  class space    used 21572K, capacity 21843K, committed 21928K, reserved 1048576K
}
Event: 47,316 GC heap before
{Heap before GC invocations=26 (full 5):
 PSYoungGen      total 268800K, used 221252K [0x00000007aab00000, 0x00000007c0000000, 0x00000007c0000000)
  eden space 184320K, 100% used [0x00000007aab00000,0x00000007b5f00000,0x00000007b5f00000)
  from space 84480K, 43% used [0x00000007bad80000,0x00000007bd1910a8,0x00000007c0000000)
  to   space 80384K, 0% used [0x00000007b5f00000,0x00000007b5f00000,0x00000007bad80000)
 ParOldGen       total 699392K, used 113086K [0x0000000780000000, 0x00000007aab00000, 0x00000007aab00000)
  object space 699392K, 16% used [0x0000000780000000,0x0000000786e6f890,0x00000007aab00000)
 Metaspace       used 124704K, capacity 125583K, committed 125808K, reserved 1153024K
  class space    used 21573K, capacity 21843K, committed 21928K, reserved 1048576K
Event: 47,360 GC heap after
Heap after GC invocations=26 (full 5):
 PSYoungGen      total 247808K, used 63483K [0x00000007aab00000, 0x00000007c0000000, 0x00000007c0000000)
  eden space 184320K, 0% used [0x00000007aab00000,0x00000007aab00000,0x00000007b5f00000)
  from space 63488K, 99% used [0x00000007b5f00000,0x00000007b9cfed40,0x00000007b9d00000)
  to   space 86528K, 0% used [0x00000007bab80000,0x00000007bab80000,0x00000007c0000000)
 ParOldGen       total 699392K, used 113094K [0x0000000780000000, 0x00000007aab00000, 0x00000007aab00000)
  object space 699392K, 16% used [0x0000000780000000,0x0000000786e71890,0x00000007aab00000)
 Metaspace       used 124704K, capacity 125583K, committed 125808K, reserved 1153024K
  class space    used 21573K, capacity 21843K, committed 21928K, reserved 1048576K
}
Event: 50,041 GC heap before
{Heap before GC invocations=27 (full 5):
 PSYoungGen      total 247808K, used 247803K [0x00000007aab00000, 0x00000007c0000000, 0x00000007c0000000)
  eden space 184320K, 100% used [0x00000007aab00000,0x00000007b5f00000,0x00000007b5f00000)
  from space 63488K, 99% used [0x00000007b5f00000,0x00000007b9cfed40,0x00000007b9d00000)
  to   space 86528K, 0% used [0x00000007bab80000,0x00000007bab80000,0x00000007c0000000)
 ParOldGen       total 699392K, used 113094K [0x0000000780000000, 0x00000007aab00000, 0x00000007aab00000)
  object space 699392K, 16% used [0x0000000780000000,0x0000000786e71890,0x00000007aab00000)
 Metaspace       used 125464K, capacity 126415K, committed 126832K, reserved 1155072K
  class space    used 21576K, capacity 21843K, committed 21928K, reserved 1048576K
Event: 50,142 GC heap after
Heap after GC invocations=27 (full 5):
 PSYoungGen      total 229888K, used 86499K [0x00000007aab00000, 0x00000007c0000000, 0x00000007c0000000)
  eden space 143360K, 0% used [0x00000007aab00000,0x00000007aab00000,0x00000007b3700000)
  from space 86528K, 99% used [0x00000007bab80000,0x00000007bfff8fa0,0x00000007c0000000)
  to   space 102912K, 0% used [0x00000007b3700000,0x00000007b3700000,0x00000007b9b80000)
 ParOldGen       total 699392K, used 120519K [0x0000000780000000, 0x00000007aab00000, 0x00000007aab00000)
  object space 699392K, 17% used [0x0000000780000000,0x00000007875b1e28,0x00000007aab00000)
 Metaspace       used 125464K, capacity 126415K, committed 126832K, reserved 1155072K
  class space    used 21576K, capacity 21843K, committed 21928K, reserved 1048576K
}
Event: 51,797 GC heap before
{Heap before GC invocations=28 (full 5):
 PSYoungGen      total 229888K, used 229859K [0x00000007aab00000, 0x00000007c0000000, 0x00000007c0000000)
  eden space 143360K, 100% used [0x00000007aab00000,0x00000007b3700000,0x00000007b3700000)
  from space 86528K, 99% used [0x00000007bab80000,0x00000007bfff8fa0,0x00000007c0000000)
  to   space 102912K, 0% used [0x00000007b3700000,0x00000007b3700000,0x00000007b9b80000)
 ParOldGen       total 699392K, used 120519K [0x0000000780000000, 0x00000007aab00000, 0x00000007aab00000)
  object space 699392K, 17% used [0x0000000780000000,0x00000007875b1e28,0x00000007aab00000)
 Metaspace       used 125929K, capacity 126863K, committed 127088K, reserved 1155072K
  class space    used 21576K, capacity 21843K, committed 21928K, reserved 1048576K
Event: 51,875 GC heap after
Heap after GC invocations=28 (full 5):
 PSYoungGen      total 233984K, used 90230K [0x00000007aab00000, 0x00000007c0000000, 0x00000007c0000000)
  eden space 143360K, 0% used [0x00000007aab00000,0x00000007aab00000,0x00000007b3700000)
  from space 90624K, 99% used [0x00000007b3700000,0x00000007b8f1da40,0x00000007b8f80000)
  to   space 114176K, 0% used [0x00000007b9080000,0x00000007b9080000,0x00000007c0000000)
 ParOldGen       total 699392K, used 130214K [0x0000000780000000, 0x00000007aab00000, 0x00000007aab00000)
  object space 699392K, 18% used [0x0000000780000000,0x0000000787f29800,0x00000007aab00000)
 Metaspace       used 125929K, capacity 126863K, committed 127088K, reserved 1155072K
  class space    used 21576K, capacity 21843K, committed 21928K, reserved 1048576K
}

